<?xml version="1.0" encoding="UTF-8"?>
<testng-results skipped="0" failed="0" total="1" passed="1">
  <reporter-output>
  </reporter-output>
  <suite name="Default suite" duration-ms="17416" started-at="2016-08-25T05:13:00Z" finished-at="2016-08-25T05:13:18Z">
    <groups>
    </groups>
    <test name="Default test" duration-ms="17416" started-at="2016-08-25T05:13:00Z" finished-at="2016-08-25T05:13:18Z">
      <class name="com.app.TestCases.TC001_MakePurchase">
        <test-method status="PASS" signature="setUp()[pri:0, instance:com.app.TestCases.TC001_MakePurchase@735b5592]" name="setUp" is-config="true" duration-ms="5814" started-at="2016-08-25T01:13:00Z" finished-at="2016-08-25T01:13:06Z">
          <reporter-output>
          </reporter-output>
        </test-method> <!-- setUp -->
        <test-method status="PASS" signature="MakeAPurchase()[pri:0, instance:com.app.TestCases.TC001_MakePurchase@735b5592]" name="MakeAPurchase" duration-ms="9260" started-at="2016-08-25T01:13:06Z" finished-at="2016-08-25T01:13:15Z">
          <reporter-output>
          </reporter-output>
        </test-method> <!-- MakeAPurchase -->
        <test-method status="PASS" signature="afterMethod()[pri:0, instance:com.app.TestCases.TC001_MakePurchase@735b5592]" name="afterMethod" is-config="true" duration-ms="2327" started-at="2016-08-25T01:13:15Z" finished-at="2016-08-25T01:13:18Z">
          <reporter-output>
          </reporter-output>
        </test-method> <!-- afterMethod -->
      </class> <!-- com.app.TestCases.TC001_MakePurchase -->
    </test> <!-- Default test -->
  </suite> <!-- Default suite -->
</testng-results>
